2025-06-11 00:54:32,137 - services - INFO - Fetching data from: https://ratings.fide.com/profile/12345678
2025-06-11 00:54:34,217 - sheet_sync - INFO - Starting sync from sheet 1FmzuR1jxHTfn8BCWsSztPtW8yfQJheij4NlU-lPPrKI
2025-06-11 00:59:52,189 - sheet_sync - ERROR - Error fetching sheet data: (mismatching_state) CSRF Warning! State not equal in request and response.
2025-06-11 00:59:52,189 - sheet_sync - ERROR - Error syncing sheet data: (mismatching_state) CSRF Warning! State not equal in request and response.
2025-06-11 00:59:52,189 - main - ERROR - Error in sheet sync: 
2025-06-11 00:59:52,195 - services - ERROR - Request timeout for FIDE ID: 12345678
2025-06-11 00:59:52,195 - services - WARNING - Attempt 1/3 failed: . Retrying in 1 seconds...
2025-06-11 00:59:53,216 - services - INFO - Fetching data from: https://ratings.fide.com/profile/12345678
2025-06-11 00:59:57,348 - services - WARNING - Could not find profile-section
2025-06-11 00:59:57,348 - services - INFO - Fetching data from: https://ratings.fide.com/profile/23456789
2025-06-11 01:00:01,037 - services - WARNING - Could not find profile-section
2025-06-11 09:59:34,431 - services - INFO - Fetching data from: https://ratings.fide.com/profile/12345678
2025-06-11 09:59:36,715 - services - WARNING - Could not find profile-section
2025-06-11 09:59:36,716 - services - INFO - Fetching data from: https://ratings.fide.com/profile/23456789
2025-06-11 09:59:37,908 - sheet_sync - INFO - Starting sync from sheet 1FmzuR1jxHTfn8BCWsSztPtW8yfQJheij4NlU-lPPrKI
2025-06-11 22:00:59,147 - services - INFO - Fetching data from: https://ratings.fide.com/profile/12345678
2025-06-11 22:01:04,875 - services - WARNING - Could not find profile-section
2025-06-11 22:01:04,875 - services - INFO - Fetching data from: https://ratings.fide.com/profile/23456789
2025-06-11 22:01:05,017 - sheet_sync - INFO - Starting sync from sheet 1FmzuR1jxHTfn8BCWsSztPtW8yfQJheij4NlU-lPPrKI
2025-06-11 22:23:40,757 - services - INFO - Fetching data from: https://ratings.fide.com/profile/12345678
2025-06-11 22:23:42,030 - services - WARNING - Could not find profile-section
2025-06-11 22:23:42,030 - services - INFO - Fetching data from: https://ratings.fide.com/profile/23456789
2025-06-11 22:23:43,926 - services - WARNING - Could not find profile-section
2025-06-11 22:26:55,898 - services - INFO - Fetching data from: https://ratings.fide.com/profile/12345678
2025-06-11 22:27:02,615 - services - WARNING - Could not find profile-section
2025-06-11 22:27:02,616 - services - INFO - Fetching data from: https://ratings.fide.com/profile/23456789
2025-06-11 22:27:05,862 - services - WARNING - Could not find profile-section
2025-06-11 22:27:29,336 - services - INFO - Fetching data from: https://ratings.fide.com/profile/12345678
2025-06-11 22:27:33,840 - services - WARNING - Could not find profile-section
2025-06-11 22:27:33,840 - services - INFO - Fetching data from: https://ratings.fide.com/profile/23456789
2025-06-11 22:27:34,157 - services - INFO - Fetching data from: https://ratings.fide.com/profile/12345678
2025-06-11 22:27:39,098 - services - WARNING - Could not find profile-section
2025-06-11 22:27:39,099 - services - INFO - Fetching data from: https://ratings.fide.com/profile/10297677
2025-06-11 22:27:42,800 - services - INFO - Found 3 game type sections
2025-06-11 22:27:42,801 - services - INFO - Game type 1 rating text: 'Not rated'
2025-06-11 22:27:42,801 - services - WARNING - No numeric rating found in: Not rated
2025-06-11 22:27:42,801 - services - INFO - Game type 2 rating text: '1560'
2025-06-11 22:27:42,801 - services - INFO - Extracted rating: 1560
2025-06-11 22:27:42,802 - services - INFO - Game type 3 rating text: 'Not rated'
2025-06-11 22:27:42,802 - services - WARNING - No numeric rating found in: Not rated
2025-06-11 22:27:44,158 - services - ERROR - Request timeout for FIDE ID: 12345678
2025-06-11 22:27:44,158 - services - WARNING - Attempt 1/3 failed: . Retrying in 1 seconds...
2025-06-11 22:27:45,180 - services - INFO - Fetching data from: https://ratings.fide.com/profile/12345678
2025-06-11 22:27:48,936 - services - WARNING - Could not find profile-section
2025-06-11 22:27:48,936 - services - INFO - Fetching data from: https://ratings.fide.com/profile/23456789
2025-06-11 22:27:50,916 - services - WARNING - Could not find profile-section
2025-06-11 22:27:50,916 - services - INFO - Fetching data from: https://ratings.fide.com/profile/10297677
2025-06-11 22:27:52,540 - services - INFO - Found 3 game type sections
2025-06-11 22:27:52,540 - services - INFO - Game type 1 rating text: 'Not rated'
2025-06-11 22:27:52,540 - services - WARNING - No numeric rating found in: Not rated
2025-06-11 22:27:52,540 - services - INFO - Game type 2 rating text: '1560'
2025-06-11 22:27:52,540 - services - INFO - Extracted rating: 1560
2025-06-11 22:27:52,541 - services - INFO - Game type 3 rating text: 'Not rated'
2025-06-11 22:27:52,541 - services - WARNING - No numeric rating found in: Not rated
2025-06-11 22:28:26,636 - services - INFO - Fetching data from: https://ratings.fide.com/profile/12345678
2025-06-11 22:28:28,980 - services - WARNING - Could not find profile-section
2025-06-11 22:28:28,981 - services - INFO - Fetching data from: https://ratings.fide.com/profile/23456789
2025-06-11 22:28:31,080 - services - WARNING - Could not find profile-section
2025-06-11 22:28:31,080 - services - INFO - Fetching data from: https://ratings.fide.com/profile/10297677
2025-06-11 22:28:33,515 - services - INFO - Found 3 game type sections
2025-06-11 22:28:33,515 - services - INFO - Game type 1 rating text: 'Not rated'
2025-06-11 22:28:33,516 - services - WARNING - No numeric rating found in: Not rated
2025-06-11 22:28:33,516 - services - INFO - Game type 2 rating text: '1560'
2025-06-11 22:28:33,516 - services - INFO - Extracted rating: 1560
2025-06-11 22:28:33,516 - services - INFO - Game type 3 rating text: 'Not rated'
2025-06-11 22:28:33,517 - services - WARNING - No numeric rating found in: Not rated
2025-06-11 22:30:52,592 - main - INFO - Fetching FIDE rating for player John Doe with ID 12345678
2025-06-11 22:30:52,593 - services - INFO - Fetching data from: https://ratings.fide.com/profile/12345678
2025-06-11 22:30:54,232 - services - WARNING - Could not find profile-section
2025-06-11 22:30:54,233 - main - INFO - Fetching FIDE rating for player Alice Smith with ID 23456789
2025-06-11 22:30:54,233 - services - INFO - Fetching data from: https://ratings.fide.com/profile/23456789
2025-06-11 22:30:55,588 - services - WARNING - Could not find profile-section
2025-06-11 22:30:55,589 - main - INFO - Fetching FIDE rating for player nafis with ID 10297677
2025-06-11 22:30:55,589 - services - INFO - Fetching data from: https://ratings.fide.com/profile/10297677
2025-06-11 22:30:58,085 - services - INFO - Found 3 game type sections
2025-06-11 22:30:58,085 - services - INFO - Game type 1 rating text: 'Not rated'
2025-06-11 22:30:58,087 - services - WARNING - No numeric rating found in: Not rated
2025-06-11 22:30:58,087 - services - INFO - Game type 2 rating text: '1560'
2025-06-11 22:30:58,087 - services - INFO - Extracted rating: 1560
2025-06-11 22:30:58,087 - services - INFO - Game type 3 rating text: 'Not rated'
2025-06-11 22:30:58,087 - services - WARNING - No numeric rating found in: Not rated
2025-06-11 22:33:05,276 - main - INFO - Fetching FIDE rapid rating for player John Doe with ID 12345678
2025-06-11 22:33:05,276 - services - INFO - Fetching data from: https://ratings.fide.com/profile/12345678
2025-06-11 22:33:07,926 - services - WARNING - Could not find profile-section
2025-06-11 22:33:07,926 - main - INFO - Fetching FIDE rapid rating for player Alice Smith with ID 23456789
2025-06-11 22:33:07,926 - services - INFO - Fetching data from: https://ratings.fide.com/profile/23456789
2025-06-11 22:33:10,512 - services - WARNING - Could not find profile-section
2025-06-11 22:33:10,513 - main - INFO - Fetching FIDE rapid rating for player nafis with ID 10297677
2025-06-11 22:33:10,513 - services - INFO - Fetching data from: https://ratings.fide.com/profile/10297677
2025-06-11 22:33:12,787 - services - INFO - Found 3 game type sections
2025-06-11 22:33:12,787 - services - INFO - Game type 1 rating text: 'Not rated'
2025-06-11 22:33:12,787 - services - WARNING - No numeric rating found in: Not rated
2025-06-11 22:33:12,788 - services - INFO - Game type 2 rating text: '1560'
2025-06-11 22:33:12,788 - services - INFO - Extracted rating: 1560
2025-06-11 22:33:12,788 - services - INFO - Game type 3 rating text: 'Not rated'
2025-06-11 22:33:12,788 - services - WARNING - No numeric rating found in: Not rated
2025-06-11 22:33:12,790 - main - INFO - Found FIDE rapid rating 1560 for player nafis
2025-06-11 22:37:07,454 - main - INFO - Fetching FIDE rapid rating for player nafis with ID 10297677
2025-06-11 22:37:07,455 - services - INFO - Fetching data from: https://ratings.fide.com/profile/10297677
2025-06-11 22:37:10,284 - services - INFO - Found 3 game type sections
2025-06-11 22:37:10,284 - services - INFO - Game type 1 rating text: 'Not rated'
2025-06-11 22:37:10,284 - services - WARNING - No numeric rating found in: Not rated
2025-06-11 22:37:10,284 - services - INFO - Game type 2 rating text: '1560'
2025-06-11 22:37:10,284 - services - INFO - Extracted rating: 1560
2025-06-11 22:37:10,285 - services - INFO - Game type 3 rating text: 'Not rated'
2025-06-11 22:37:10,285 - services - WARNING - No numeric rating found in: Not rated
2025-06-11 22:37:10,286 - main - INFO - Found FIDE rapid rating 1560 for player nafis
2025-06-11 22:41:16,300 - main - INFO - Fetching FIDE rapid rating for player nafis with ID 10297677
2025-06-11 22:41:16,300 - services - INFO - Fetching data from: https://ratings.fide.com/profile/10297677
2025-06-11 22:41:17,529 - services - INFO - Found 3 game type sections
2025-06-11 22:41:17,529 - services - INFO - Game type 1 rating text: 'Not rated'
2025-06-11 22:41:17,529 - services - WARNING - No numeric rating found in: Not rated
2025-06-11 22:41:17,529 - services - INFO - Game type 2 rating text: '1560'
2025-06-11 22:41:17,529 - services - INFO - Extracted rating: 1560
2025-06-11 22:41:17,530 - services - INFO - Game type 3 rating text: 'Not rated'
2025-06-11 22:41:17,530 - services - WARNING - No numeric rating found in: Not rated
2025-06-11 22:41:17,532 - main - INFO - Found FIDE rapid rating 1560 for player nafis
2025-06-11 22:41:17,532 - main - INFO - Fetching FIDE rapid rating for player Md Ahsanul Haque Emon with ID 10279083
2025-06-11 22:41:17,532 - services - INFO - Fetching data from: https://ratings.fide.com/profile/10279083
2025-06-11 22:41:20,896 - services - INFO - Found 3 game type sections
2025-06-11 22:41:20,897 - services - INFO - Game type 1 rating text: '1604'
2025-06-11 22:41:20,897 - services - INFO - Extracted rating: 1604
2025-06-11 22:41:20,897 - services - INFO - Game type 2 rating text: '1783'
2025-06-11 22:41:20,897 - services - INFO - Extracted rating: 1783
2025-06-11 22:41:20,898 - services - INFO - Game type 3 rating text: '1593'
2025-06-11 22:41:20,898 - services - INFO - Extracted rating: 1593
2025-06-11 22:41:20,899 - main - INFO - Found FIDE rapid rating 1783 for player Md Ahsanul Haque Emon
2025-06-11 22:44:22,110 - main - INFO - Fetching FIDE rapid rating for player nafis with ID 10297677
2025-06-11 22:44:22,110 - services - INFO - Fetching data from: https://ratings.fide.com/profile/10297677
2025-06-11 22:44:23,509 - services - INFO - Found 3 game type sections
2025-06-11 22:44:23,509 - services - INFO - Game type 1 rating text: 'Not rated'
2025-06-11 22:44:23,509 - services - WARNING - No numeric rating found in: Not rated
2025-06-11 22:44:23,509 - services - INFO - Game type 2 rating text: '1560'
2025-06-11 22:44:23,510 - services - INFO - Extracted rating: 1560
2025-06-11 22:44:23,510 - services - INFO - Game type 3 rating text: 'Not rated'
2025-06-11 22:44:23,510 - services - WARNING - No numeric rating found in: Not rated
2025-06-11 22:44:23,512 - main - INFO - Found FIDE rapid rating 1560 for player nafis
2025-06-11 22:44:23,512 - main - INFO - Fetching FIDE rapid rating for player Md Ahsanul Haque Emon with ID 10279083
2025-06-11 22:44:23,512 - services - INFO - Fetching data from: https://ratings.fide.com/profile/10279083
2025-06-11 22:44:26,292 - services - INFO - Found 3 game type sections
2025-06-11 22:44:26,293 - services - INFO - Game type 1 rating text: '1604'
2025-06-11 22:44:26,293 - services - INFO - Extracted rating: 1604
2025-06-11 22:44:26,293 - services - INFO - Game type 2 rating text: '1783'
2025-06-11 22:44:26,293 - services - INFO - Extracted rating: 1783
2025-06-11 22:44:26,293 - services - INFO - Game type 3 rating text: '1593'
2025-06-11 22:44:26,294 - services - INFO - Extracted rating: 1593
2025-06-11 22:44:26,296 - main - INFO - Found FIDE rapid rating 1783 for player Md Ahsanul Haque Emon
2025-06-11 22:49:54,050 - main - INFO - Fetching FIDE rating for player nafis with ID 10297677
2025-06-11 22:49:54,051 - services - INFO - Fetching data from: https://ratings.fide.com/profile/10297677
2025-06-11 22:49:55,418 - services - INFO - Found 3 game type sections
2025-06-11 22:49:55,418 - services - INFO - Game type 1 rating text: 'Not rated'
2025-06-11 22:49:55,419 - services - WARNING - No numeric rating found in: Not rated
2025-06-11 22:49:55,419 - services - INFO - Game type 2 rating text: '1560'
2025-06-11 22:49:55,420 - services - INFO - Extracted rating: 1560
2025-06-11 22:49:55,420 - services - INFO - Game type 3 rating text: 'Not rated'
2025-06-11 22:49:55,421 - services - WARNING - No numeric rating found in: Not rated
2025-06-11 22:49:55,424 - main - INFO - Found FIDE rapid rating 1560 for player nafis
2025-06-11 22:49:55,425 - main - INFO - Fetching Chess.com rating for player nafis
2025-06-11 22:49:56,462 - main - INFO - Fetching Lichess rating for player nafis
2025-06-11 22:49:57,331 - main - INFO - Fetching FIDE rating for player Md Ahsanul Haque Emon with ID 10279083
2025-06-11 22:49:57,331 - services - INFO - Fetching data from: https://ratings.fide.com/profile/10279083
2025-06-11 22:50:00,520 - services - INFO - Found 3 game type sections
2025-06-11 22:50:00,520 - services - INFO - Game type 1 rating text: '1604'
2025-06-11 22:50:00,522 - services - INFO - Extracted rating: 1604
2025-06-11 22:50:00,522 - services - INFO - Game type 2 rating text: '1783'
2025-06-11 22:50:00,522 - services - INFO - Extracted rating: 1783
2025-06-11 22:50:00,522 - services - INFO - Game type 3 rating text: '1593'
2025-06-11 22:50:00,523 - services - INFO - Extracted rating: 1593
2025-06-11 22:50:00,525 - main - INFO - Found FIDE rapid rating 1783 for player Md Ahsanul Haque Emon
2025-06-11 22:50:00,525 - main - INFO - Fetching Chess.com rating for player Md Ahsanul Haque Emon
2025-06-11 22:50:01,781 - main - INFO - Fetching Lichess rating for player Md Ahsanul Haque Emon
2025-06-11 22:57:59,598 - main - INFO - Fetching FIDE rating for player nafis with ID 10297677
2025-06-11 22:57:59,599 - services - INFO - Fetching data from: https://ratings.fide.com/profile/10297677
2025-06-11 22:58:10,172 - services - ERROR - Request timeout for FIDE ID: 10297677
2025-06-11 22:58:10,172 - services - WARNING - Attempt 1/3 failed: . Retrying in 1 seconds...
2025-06-11 22:58:11,180 - services - INFO - Fetching data from: https://ratings.fide.com/profile/10297677
2025-06-11 22:58:22,174 - services - ERROR - Request timeout for FIDE ID: 10297677
2025-06-11 22:58:22,175 - services - WARNING - Attempt 2/3 failed: . Retrying in 2 seconds...
2025-06-11 22:58:24,171 - services - INFO - Fetching data from: https://ratings.fide.com/profile/10297677
2025-06-11 22:58:35,173 - services - ERROR - Request timeout for FIDE ID: 10297677
2025-06-11 22:58:35,174 - services - WARNING - Attempt 3/3 failed: . Retrying in 4 seconds...
2025-06-11 22:58:39,184 - services - INFO - Fetching data from: https://ratings.fide.com/profile/10297677
2025-06-11 23:08:03,987 - main - INFO - Fetching FIDE rating for player nafis with ID 10297677
2025-06-11 23:08:03,988 - services - INFO - Fetching data from: https://ratings.fide.com/profile/10297677
2025-06-11 23:08:05,261 - services - INFO - Found 3 game type sections
2025-06-11 23:08:05,261 - services - INFO - Game type 1 rating text: 'Not rated'
2025-06-11 23:08:05,263 - services - WARNING - No numeric rating found in: Not rated
2025-06-11 23:08:05,263 - services - INFO - Game type 2 rating text: '1560'
2025-06-11 23:08:05,263 - services - INFO - Extracted rating: 1560
2025-06-11 23:08:05,263 - services - INFO - Game type 3 rating text: 'Not rated'
2025-06-11 23:08:05,264 - services - WARNING - No numeric rating found in: Not rated
2025-06-11 23:08:05,266 - main - INFO - Found FIDE rapid rating 1560 for player nafis
2025-06-11 23:08:05,267 - main - INFO - Fetching Chess.com rating for player nafis
2025-06-11 23:08:06,234 - main - INFO - Fetching Lichess rating for player nafis
2025-06-11 23:08:06,733 - main - INFO - Fetching FIDE rating for player Md Ahsanul Haque Emon with ID 10279083
2025-06-11 23:08:06,733 - services - INFO - Fetching data from: https://ratings.fide.com/profile/10279083
2025-06-11 23:08:08,576 - services - INFO - Found 3 game type sections
2025-06-11 23:08:08,576 - services - INFO - Game type 1 rating text: '1604'
2025-06-11 23:08:08,577 - services - INFO - Extracted rating: 1604
2025-06-11 23:08:08,577 - services - INFO - Game type 2 rating text: '1783'
2025-06-11 23:08:08,577 - services - INFO - Extracted rating: 1783
2025-06-11 23:08:08,577 - services - INFO - Game type 3 rating text: '1593'
2025-06-11 23:08:08,577 - services - INFO - Extracted rating: 1593
2025-06-11 23:08:08,580 - main - INFO - Found FIDE rapid rating 1783 for player Md Ahsanul Haque Emon
2025-06-11 23:08:08,581 - main - INFO - Fetching Chess.com rating for player Md Ahsanul Haque Emon
2025-06-11 23:08:09,769 - main - INFO - Fetching Lichess rating for player Md Ahsanul Haque Emon
2025-06-11 23:18:18,491 - main - INFO - Fetching FIDE rating for player nafis with ID 10297677
2025-06-11 23:18:18,491 - services - INFO - Fetching data from: https://ratings.fide.com/profile/10297677
2025-06-11 23:18:20,106 - services - INFO - Found 3 game type sections
2025-06-11 23:18:20,107 - services - INFO - Game type 1 rating text: 'Not rated'
2025-06-11 23:18:20,107 - services - WARNING - No numeric rating found in: Not rated
2025-06-11 23:18:20,107 - services - INFO - Game type 2 rating text: '1560'
2025-06-11 23:18:20,108 - services - INFO - Extracted rating: 1560
2025-06-11 23:18:20,108 - services - INFO - Game type 3 rating text: 'Not rated'
2025-06-11 23:18:20,108 - services - WARNING - No numeric rating found in: Not rated
2025-06-11 23:18:20,109 - main - INFO - Found FIDE rapid rating 1560 for player nafis
2025-06-11 23:18:20,110 - main - INFO - Fetching Chess.com rating for player nafis
2025-06-11 23:18:22,103 - main - INFO - Fetching Lichess rating for player nafis
2025-06-11 23:18:27,070 - main - INFO - Fetching FIDE rating for player Md Ahsanul Haque Emon with ID 10279083
2025-06-11 23:18:27,071 - services - INFO - Fetching data from: https://ratings.fide.com/profile/10279083
2025-06-11 23:18:29,421 - services - INFO - Found 3 game type sections
2025-06-11 23:18:29,422 - services - INFO - Game type 1 rating text: '1604'
2025-06-11 23:18:29,422 - services - INFO - Extracted rating: 1604
2025-06-11 23:18:29,422 - services - INFO - Game type 2 rating text: '1783'
2025-06-11 23:18:29,422 - services - INFO - Extracted rating: 1783
2025-06-11 23:18:29,423 - services - INFO - Game type 3 rating text: '1593'
2025-06-11 23:18:29,423 - services - INFO - Extracted rating: 1593
2025-06-11 23:18:29,424 - main - INFO - Found FIDE rapid rating 1783 for player Md Ahsanul Haque Emon
2025-06-11 23:18:29,425 - main - INFO - Fetching Chess.com rating for player Md Ahsanul Haque Emon
2025-06-11 23:18:31,246 - main - INFO - Fetching Lichess rating for player Md Ahsanul Haque Emon
2025-06-11 23:24:51,377 - main - INFO - Fetching FIDE rating for player nafis with ID 10297677
2025-06-11 23:24:51,379 - services - INFO - Fetching data from: https://ratings.fide.com/profile/10297677
2025-06-11 23:24:52,324 - services - INFO - Found 3 game type sections
2025-06-11 23:24:52,324 - services - INFO - Game type 1 rating text: 'Not rated'
2025-06-11 23:24:52,324 - services - WARNING - No numeric rating found in: Not rated
2025-06-11 23:24:52,325 - services - INFO - Game type 2 rating text: '1560'
2025-06-11 23:24:52,325 - services - INFO - Extracted rating: 1560
2025-06-11 23:24:52,325 - services - INFO - Game type 3 rating text: 'Not rated'
2025-06-11 23:24:52,325 - services - WARNING - No numeric rating found in: Not rated
2025-06-11 23:24:52,326 - main - INFO - Found FIDE rapid rating 1560 for player nafis
2025-06-11 23:24:52,326 - main - INFO - Fetching Chess.com rating for player nafis
2025-06-11 23:24:52,948 - main - INFO - Fetching Lichess rating for player nafis
2025-06-11 23:24:53,472 - main - INFO - Fetching FIDE rating for player Md Ahsanul Haque Emon with ID 10279083
2025-06-11 23:24:53,472 - services - INFO - Fetching data from: https://ratings.fide.com/profile/10279083
2025-06-11 23:24:55,287 - services - INFO - Found 3 game type sections
2025-06-11 23:24:55,288 - services - INFO - Game type 1 rating text: '1604'
2025-06-11 23:24:55,288 - services - INFO - Extracted rating: 1604
2025-06-11 23:24:55,288 - services - INFO - Game type 2 rating text: '1783'
2025-06-11 23:24:55,288 - services - INFO - Extracted rating: 1783
2025-06-11 23:24:55,288 - services - INFO - Game type 3 rating text: '1593'
2025-06-11 23:24:55,288 - services - INFO - Extracted rating: 1593
2025-06-11 23:24:55,290 - main - INFO - Found FIDE rapid rating 1783 for player Md Ahsanul Haque Emon
2025-06-11 23:24:55,290 - main - INFO - Fetching Chess.com rating for player Md Ahsanul Haque Emon
2025-06-11 23:24:56,451 - main - INFO - Fetching Lichess rating for player Md Ahsanul Haque Emon
2025-06-11 23:25:28,384 - main - INFO - Fetching FIDE rating for player nafis with ID 10297677
2025-06-11 23:25:28,385 - services - INFO - Fetching data from: https://ratings.fide.com/profile/10297677
2025-06-11 23:25:29,575 - services - INFO - Found 3 game type sections
2025-06-11 23:25:29,575 - services - INFO - Game type 1 rating text: 'Not rated'
2025-06-11 23:25:29,575 - services - WARNING - No numeric rating found in: Not rated
2025-06-11 23:25:29,576 - services - INFO - Game type 2 rating text: '1560'
2025-06-11 23:25:29,576 - services - INFO - Extracted rating: 1560
2025-06-11 23:25:29,576 - services - INFO - Game type 3 rating text: 'Not rated'
2025-06-11 23:25:29,576 - services - WARNING - No numeric rating found in: Not rated
2025-06-11 23:25:29,579 - main - INFO - Found FIDE rapid rating 1560 for player nafis
2025-06-11 23:25:29,579 - main - INFO - Fetching Chess.com rating for player nafis
2025-06-11 23:25:30,637 - main - INFO - Fetching Lichess rating for player nafis
2025-06-11 23:25:31,184 - main - INFO - Fetching FIDE rating for player Md Ahsanul Haque Emon with ID 10279083
2025-06-11 23:25:31,185 - services - INFO - Fetching data from: https://ratings.fide.com/profile/10279083
2025-06-11 23:25:32,883 - services - INFO - Found 3 game type sections
2025-06-11 23:25:32,883 - services - INFO - Game type 1 rating text: '1604'
2025-06-11 23:25:32,884 - services - INFO - Extracted rating: 1604
2025-06-11 23:25:32,884 - services - INFO - Game type 2 rating text: '1783'
2025-06-11 23:25:32,884 - services - INFO - Extracted rating: 1783
2025-06-11 23:25:32,884 - services - INFO - Game type 3 rating text: '1593'
2025-06-11 23:25:32,884 - services - INFO - Extracted rating: 1593
2025-06-11 23:25:32,887 - main - INFO - Found FIDE rapid rating 1783 for player Md Ahsanul Haque Emon
2025-06-11 23:25:32,887 - main - INFO - Fetching Chess.com rating for player Md Ahsanul Haque Emon
2025-06-11 23:25:34,530 - main - INFO - Fetching Lichess rating for player Md Ahsanul Haque Emon
